Arguments: 
  /usr/local/bin/node /usr/local/bin/yarn init

PATH: 
  /usr/local/bin:/System/Cryptexes/App/usr/bin:/usr/bin:/bin:/usr/sbin:/sbin:/usr/local/go/bin:/Library/Apple/usr/bin:/usr/local/opt/node@16/bin:/Users/user/Library/Android/sdk/tools:/Users/user/Library/Android/sdk/platform-tools:/Users/henrique.suel/Library/Android/sdk/emulator:/Users/henrique.suel/Library/Android/sdk/tools:/Users/henrique.suel/Library/Android/sdk/tools/bin:/Users/henrique.suel/Library/Android/sdk/platform-tools:/usr/local/opt/node@16/bin:/Users/user/Library/Android/sdk/tools:/Users/user/Library/Android/sdk/platform-tools:/Users/henrique.suel/Library/Android/sdk/emulator:/Users/henrique.suel/Library/Android/sdk/tools:/Users/henrique.suel/Library/Android/sdk/tools/bin:/Users/henrique.suel/Library/Android/sdk/platform-tools

Yarn version: 
  1.22.19

Node version: 
  16.14.0

Platform: 
  darwin x64

Trace: 
  Error: canceled
      at Interface.<anonymous> (/usr/local/lib/node_modules/yarn/lib/cli.js:137150:13)
      at Interface.emit (node:events:520:28)
      at Interface._ttyWrite (node:readline:1081:16)
      at ReadStream.onkeypress (node:readline:288:10)
      at ReadStream.emit (node:events:520:28)
      at emitKeys (node:internal/readline/utils:358:14)
      at emitKeys.next (<anonymous>)
      at ReadStream.onData (node:internal/readline/emitKeypressEvents:61:36)
      at ReadStream.emit (node:events:520:28)
      at addChunk (node:internal/streams/readable:315:12)

npm manifest: 
  No manifest

yarn manifest: 
  No manifest

Lockfile: 
  No lockfile
